info: Sep-10-2024 11:20:27: 	Successfully retrieved logs
info: Sep-10-2024 11:20:28: 	Successfully retrieved logs
info: Sep-10-2024 11:20:29: 	Successfully retrieved logs
info: Sep-10-2024 11:20:40: 	Successfully retrieved logs
info: Sep-10-2024 11:20:49: 	Successfully retrieved logs
info: Sep-10-2024 11:20:54: 	Expression logged: 5-5 | Valid: true
info: Sep-10-2024 11:20:54: 	Successfully retrieved logs
info: Sep-10-2024 11:20:57: 	Successfully retrieved logs
info: Sep-10-2024 11:20:57: 	Successfully retrieved logs
info: Sep-10-2024 11:21:01: 	Successfully retrieved logs
info: Sep-10-2024 11:21:02: 	Successfully retrieved logs
info: Sep-10-2024 11:21:30: 	Successfully retrieved logs
info: Sep-10-2024 11:21:31: 	Successfully retrieved logs
info: Sep-10-2024 11:21:34: 	Successfully retrieved logs
info: Sep-10-2024 11:21:35: 	Successfully retrieved logs
info: Sep-10-2024 11:21:46: 	Successfully retrieved logs
info: Sep-10-2024 11:21:48: 	Successfully retrieved logs
info: Sep-10-2024 11:21:52: 	Successfully retrieved logs
info: Sep-10-2024 11:22:05: 	Successfully retrieved logs
info: Sep-10-2024 11:22:07: 	Successfully retrieved logs
info: Sep-10-2024 11:22:07: 	Successfully retrieved logs
info: Sep-10-2024 11:25:40: 	Server started on port 8080
info: Sep-10-2024 11:25:41: 	Connected to MongoDB
info: Sep-10-2024 11:26:16: 	Server started on port 8080
info: Sep-10-2024 11:26:16: 	Connected to MongoDB
info: Sep-10-2024 11:26:18: 	Server started on port 8080
info: Sep-10-2024 11:26:19: 	Connected to MongoDB
info: Sep-10-2024 11:26:24: 	Server started on port 8080
info: Sep-10-2024 11:26:25: 	Connected to MongoDB
info: Sep-10-2024 11:26:27: 	Successfully retrieved logs
info: Sep-10-2024 11:26:29: 	Deleted logs with IDs: 67
info: Sep-10-2024 11:26:31: 	Successfully retrieved logs
info: Sep-10-2024 11:26:31: 	Successfully retrieved logs
info: Sep-10-2024 11:26:33: 	Expression logged: 9-6 | Valid: true
info: Sep-10-2024 11:26:33: 	Successfully retrieved logs
info: Sep-10-2024 11:26:34: 	Successfully retrieved logs
info: Sep-10-2024 11:26:45: 	Successfully retrieved logs
info: Sep-10-2024 11:26:46: 	Successfully retrieved logs
info: Sep-10-2024 11:26:49: 	Expression logged: 5-2 | Valid: true
info: Sep-10-2024 11:26:49: 	Successfully retrieved logs
info: Sep-10-2024 11:26:50: 	Successfully retrieved logs
info: Sep-10-2024 11:27:06: 	Server started on port 8080
info: Sep-10-2024 11:27:06: 	Connected to MongoDB
info: Sep-10-2024 11:27:30: 	Successfully retrieved logs
info: Sep-10-2024 11:27:30: 	Successfully retrieved logs
info: Sep-10-2024 11:27:40: 	Successfully retrieved logs
info: Sep-10-2024 11:27:42: 	Expression logged: 9-6 | Valid: true
info: Sep-10-2024 11:27:42: 	Successfully retrieved logs
info: Sep-10-2024 11:27:45: 	Successfully retrieved logs
info: Sep-10-2024 11:28:06: 	Server started on port 8080
info: Sep-10-2024 11:28:07: 	Connected to MongoDB
info: Sep-10-2024 11:28:12: 	Server started on port 8080
info: Sep-10-2024 11:28:17: 	Connected to MongoDB
info: Sep-10-2024 11:28:18: 	Successfully retrieved logs
info: Sep-10-2024 11:28:19: 	Deleted logs with IDs: 70
info: Sep-10-2024 11:28:20: 	Successfully retrieved logs
info: Sep-10-2024 11:28:26: 	Expression logged: 6-6 | Valid: true
info: Sep-10-2024 11:28:27: 	Successfully retrieved logs
info: Sep-10-2024 11:28:47: 	Expression logged: 0 | Valid: true
info: Sep-10-2024 11:28:47: 	Successfully retrieved logs
info: Sep-10-2024 11:29:19: 	Server started on port 8080
info: Sep-10-2024 11:29:19: 	Connected to MongoDB
info: Sep-10-2024 11:29:30: 	Successfully retrieved logs
info: Sep-10-2024 11:29:32: 	Deleted logs with IDs: 72, 71
info: Sep-10-2024 11:29:33: 	Successfully retrieved logs
info: Sep-10-2024 11:29:33: 	Successfully retrieved logs
info: Sep-10-2024 11:29:36: 	Expression logged: 6+3 | Valid: true
info: Sep-10-2024 11:29:36: 	Successfully retrieved logs
info: Sep-10-2024 11:29:37: 	Successfully retrieved logs
info: Sep-10-2024 11:29:48: 	Successfully retrieved logs
info: Sep-10-2024 11:29:52: 	Expression logged: 5*5 | Valid: true
info: Sep-10-2024 11:29:52: 	Successfully retrieved logs
info: Sep-10-2024 11:29:53: 	Successfully retrieved logs
info: Sep-10-2024 11:32:51: 	Server started on port 8080
info: Sep-10-2024 11:32:52: 	Connected to MongoDB
info: Sep-10-2024 11:33:45: 	Server started on port 8080
info: Sep-10-2024 11:33:46: 	Connected to MongoDB
info: Sep-10-2024 11:33:48: 	Successfully retrieved logs
error: Sep-10-2024 11:33:50: 	Database operation error: Plan executor error during findAndModify :: caused by :: E11000 duplicate key error collection: logs.sequences index: _id_ dup key: { _id: "logId" }
error: Sep-10-2024 11:33:50: 	Database operation error: Plan executor error during findAndModify :: caused by :: E11000 duplicate key error collection: logs.sequences index: _id_ dup key: { _id: "logId" }
info: Sep-10-2024 11:34:13: 	Server started on port 8080
info: Sep-10-2024 11:34:22: 	Server started on port 8080
info: Sep-10-2024 11:34:29: 	Connected to MongoDB
info: Sep-10-2024 11:34:29: 	Successfully retrieved logs
info: Sep-10-2024 11:34:30: 	Successfully retrieved logs
info: Sep-10-2024 11:34:32: 	Expression logged: 6-9 | Valid: true
info: Sep-10-2024 11:34:32: 	Successfully retrieved logs
info: Sep-10-2024 11:34:34: 	Successfully retrieved logs
info: Sep-10-2024 11:34:48: 	Successfully retrieved logs
info: Sep-10-2024 11:34:51: 	Expression logged: 6*6 | Valid: true
info: Sep-10-2024 11:34:51: 	Successfully retrieved logs
info: Sep-10-2024 11:34:55: 	Successfully retrieved logs
info: Sep-10-2024 11:36:33: 	Server started on port 8080
info: Sep-10-2024 11:36:33: 	Connected to MongoDB
info: Sep-10-2024 11:36:49: 	Server started on port 8080
info: Sep-10-2024 11:36:50: 	Connected to MongoDB
info: Sep-10-2024 11:36:57: 	Server started on port 8080
info: Sep-10-2024 11:37:02: 	Connected to MongoDB
info: Sep-10-2024 11:37:03: 	Successfully retrieved logs
info: Sep-10-2024 11:37:07: 	Successfully retrieved logs
error: Sep-10-2024 11:37:10: 	Database operation error: E11000 duplicate key error collection: logs.calculatorlogs index: _id_ dup key: { _id: 1 }
error: Sep-10-2024 11:37:10: 	Database operation error: E11000 duplicate key error collection: logs.calculatorlogs index: _id_ dup key: { _id: 2 }
info: Sep-10-2024 11:37:25: 	Server started on port 8080
info: Sep-10-2024 11:37:25: 	Connected to MongoDB
info: Sep-10-2024 11:37:41: 	Server started on port 8080
info: Sep-10-2024 11:37:41: 	Connected to MongoDB
info: Sep-10-2024 11:37:41: 	Successfully retrieved logs
error: Sep-10-2024 11:37:44: 	Database operation error: E11000 duplicate key error collection: logs.calculatorlogs index: _id_ dup key: { _id: 1 }
error: Sep-10-2024 11:37:44: 	Database operation error: E11000 duplicate key error collection: logs.calculatorlogs index: _id_ dup key: { _id: 2 }
info: Sep-10-2024 11:37:50: 	Successfully retrieved logs
info: Sep-10-2024 11:38:00: 	Successfully retrieved logs
error: Sep-10-2024 11:38:02: 	Database operation error: E11000 duplicate key error collection: logs.calculatorlogs index: _id_ dup key: { _id: 3 }
error: Sep-10-2024 11:38:03: 	Database operation error: E11000 duplicate key error collection: logs.calculatorlogs index: _id_ dup key: { _id: 4 }
info: Sep-10-2024 11:38:15: 	Server started on port 8080
info: Sep-10-2024 11:38:21: 	Connected to MongoDB
info: Sep-10-2024 11:38:21: 	Successfully retrieved logs
info: Sep-10-2024 11:38:23: 	Received an empty expression
info: Sep-10-2024 11:38:25: 	Successfully retrieved logs
info: Sep-10-2024 11:38:26: 	Expression logged: 6+3 | Valid: true
info: Sep-10-2024 11:38:26: 	Successfully retrieved logs
info: Sep-10-2024 11:38:27: 	Successfully retrieved logs
info: Sep-10-2024 11:38:36: 	Successfully retrieved logs
info: Sep-10-2024 11:38:37: 	Successfully retrieved logs
info: Sep-10-2024 11:38:37: 	Successfully retrieved logs
info: Sep-10-2024 11:39:07: 	Successfully retrieved logs
info: Sep-10-2024 11:49:27: 	Successfully retrieved logs
info: Sep-10-2024 11:50:32: 	Successfully retrieved logs
info: Sep-10-2024 11:50:33: 	Successfully retrieved logs
info: Sep-10-2024 11:50:53: 	Expression logged: 8*9 | Valid: true
info: Sep-10-2024 11:50:53: 	Successfully retrieved logs
info: Sep-10-2024 11:50:56: 	Successfully retrieved logs
info: Sep-10-2024 11:51:27: 	Successfully retrieved logs
info: Sep-10-2024 11:51:29: 	Successfully retrieved logs
info: Sep-10-2024 11:51:32: 	Expression logged: 86-6 | Valid: true
info: Sep-10-2024 11:51:32: 	Successfully retrieved logs
info: Sep-10-2024 11:51:33: 	Successfully retrieved logs
info: Sep-10-2024 11:53:16: 	Server started on port 8080
info: Sep-10-2024 11:53:17: 	Connected to MongoDB
info: Sep-10-2024 11:53:33: 	Successfully retrieved logs
info: Sep-10-2024 11:53:34: 	Successfully retrieved logs
error: Sep-10-2024 11:53:37: 	Database operation error: E11000 duplicate key error collection: logs.calculatorlogs index: _id_ dup key: { _id: 3 }
error: Sep-10-2024 11:53:38: 	Database operation error: E11000 duplicate key error collection: logs.calculatorlogs index: _id_ dup key: { _id: 4 }
info: Sep-10-2024 11:53:39: 	Successfully retrieved logs
info: Sep-10-2024 11:53:43: 	Successfully retrieved logs
error: Sep-10-2024 11:53:46: 	Database operation error: E11000 duplicate key error collection: logs.calculatorlogs index: _id_ dup key: { _id: 5 }
error: Sep-10-2024 11:53:46: 	Database operation error: E11000 duplicate key error collection: logs.calculatorlogs index: _id_ dup key: { _id: 6 }
warn: Sep-10-2024 11:54:23: 	Invalid expression attempted: Error
error: Sep-10-2024 11:54:23: 	Database operation error: E11000 duplicate key error collection: logs.calculatorlogs index: _id_ dup key: { _id: 7 }
warn: Sep-10-2024 11:54:23: 	Invalid expression attempted: Error
info: Sep-10-2024 11:54:23: 	Expression logged: Error | Valid: false
info: Sep-10-2024 11:54:23: 	Successfully retrieved logs
info: Sep-10-2024 11:54:55: 	Successfully retrieved logs
info: Sep-10-2024 11:54:57: 	Expression logged: 9-6 | Valid: true
info: Sep-10-2024 11:54:58: 	Successfully retrieved logs
info: Sep-10-2024 11:54:58: 	Successfully retrieved logs
info: Sep-10-2024 11:55:02: 	Expression logged: 8+3 | Valid: true
info: Sep-10-2024 11:55:02: 	Successfully retrieved logs
info: Sep-10-2024 11:55:03: 	Successfully retrieved logs
info: Sep-10-2024 11:55:11: 	Successfully retrieved logs
info: Sep-10-2024 11:55:12: 	Deleted logs with IDs: 10, 9
info: Sep-10-2024 11:55:14: 	Successfully retrieved logs
info: Sep-10-2024 11:55:14: 	Successfully retrieved logs
info: Sep-10-2024 11:55:17: 	Expression logged: 53+3 | Valid: true
info: Sep-10-2024 11:55:17: 	Successfully retrieved logs
info: Sep-10-2024 11:55:18: 	Successfully retrieved logs
info: Sep-10-2024 11:55:38: 	Successfully retrieved logs
info: Sep-10-2024 11:55:39: 	Successfully retrieved logs
error: Sep-10-2024 11:55:43: 	Database operation error: E11000 duplicate key error collection: logs.calculatorlogs index: _id_ dup key: { _id: 1 }
info: Sep-10-2024 11:55:43: 	Expression logged: 5+2 | Valid: true
info: Sep-10-2024 11:55:43: 	Successfully retrieved logs
info: Sep-10-2024 11:55:47: 	Successfully retrieved logs
info: Sep-10-2024 11:56:06: 	Deleted logs with IDs: 2
info: Sep-10-2024 11:56:08: 	Successfully retrieved logs
info: Sep-10-2024 11:56:08: 	Successfully retrieved logs
info: Sep-10-2024 11:56:13: 	Expression logged: 5-1 | Valid: true
info: Sep-10-2024 11:56:13: 	Successfully retrieved logs
info: Sep-10-2024 11:56:14: 	Successfully retrieved logs
info: Sep-10-2024 11:56:24: 	Successfully retrieved logs
info: Sep-10-2024 11:56:25: 	Successfully retrieved logs
info: Sep-10-2024 11:56:30: 	Expression logged: 63+6 | Valid: true
info: Sep-10-2024 11:56:30: 	Successfully retrieved logs
info: Sep-10-2024 11:56:32: 	Successfully retrieved logs
info: Sep-10-2024 11:56:48: 	Successfully retrieved logs
info: Sep-10-2024 11:56:51: 	Successfully retrieved logs
error: Sep-10-2024 11:56:54: 	Database operation error: E11000 duplicate key error collection: logs.calculatorlogs index: _id_ dup key: { _id: 1 }
error: Sep-10-2024 11:56:54: 	Database operation error: E11000 duplicate key error collection: logs.calculatorlogs index: _id_ dup key: { _id: 2 }
info: Sep-10-2024 11:57:03: 	Successfully retrieved logs
error: Sep-10-2024 11:57:07: 	Database operation error: E11000 duplicate key error collection: logs.calculatorlogs index: _id_ dup key: { _id: 3 }
info: Sep-10-2024 11:57:07: 	Expression logged: 6-6 | Valid: true
info: Sep-10-2024 11:57:07: 	Successfully retrieved logs
info: Sep-10-2024 11:57:09: 	Successfully retrieved logs
info: Sep-10-2024 11:57:19: 	Server started on port 8080
info: Sep-10-2024 11:57:19: 	Connected to MongoDB
info: Sep-10-2024 11:57:19: 	Successfully retrieved logs
error: Sep-10-2024 11:57:22: 	Database operation error: E11000 duplicate key error collection: logs.calculatorlogs index: _id_ dup key: { _id: 1 }
error: Sep-10-2024 11:57:22: 	Database operation error: E11000 duplicate key error collection: logs.calculatorlogs index: _id_ dup key: { _id: 2 }
info: Sep-10-2024 11:57:54: 	Successfully retrieved logs
info: Sep-10-2024 11:57:56: 	Expression logged: 5-3 | Valid: true
info: Sep-10-2024 11:57:56: 	Successfully retrieved logs
info: Sep-10-2024 11:58:07: 	Successfully retrieved logs
info: Sep-10-2024 11:58:11: 	Expression logged: 4+1 | Valid: true
info: Sep-10-2024 11:58:11: 	Successfully retrieved logs
info: Sep-10-2024 11:58:15: 	Successfully retrieved logs
info: Sep-10-2024 12:00:11: 	Successfully retrieved logs
info: Sep-10-2024 12:00:20: 	Server started on port 8080
info: Sep-10-2024 12:00:25: 	Connected to MongoDB
info: Sep-10-2024 12:00:43: 	Server started on port 8080
info: Sep-10-2024 12:00:48: 	Connected to MongoDB
info: Sep-10-2024 12:00:57: 	Server started on port 8080
info: Sep-10-2024 12:00:58: 	Connected to MongoDB
info: Sep-10-2024 12:01:38: 	Server started on port 8080
info: Sep-10-2024 12:01:44: 	Connected to MongoDB
info: Sep-10-2024 12:01:44: 	Successfully retrieved logs
info: Sep-10-2024 12:03:38: 	Server started on port 8080
info: Sep-10-2024 12:03:38: 	Connected to MongoDB
info: Sep-10-2024 12:04:01: 	Successfully retrieved logs
info: Sep-10-2024 12:04:03: 	Expression logged: 9-6 | Valid: true
info: Sep-10-2024 12:04:03: 	Successfully retrieved logs
info: Sep-10-2024 12:04:05: 	Successfully retrieved logs
info: Sep-10-2024 12:14:51: 	Successfully retrieved logs
error: Sep-10-2024 12:14:55: 	Database operation error: Plan executor error during findAndModify :: caused by :: E11000 duplicate key error collection: logs.sequences index: _id_ dup key: { _id: "logId" }
error: Sep-10-2024 12:14:55: 	Database operation error: Plan executor error during findAndModify :: caused by :: E11000 duplicate key error collection: logs.sequences index: _id_ dup key: { _id: "logId" }
info: Sep-10-2024 12:15:23: 	Successfully retrieved logs
info: Sep-10-2024 12:15:25: 	Expression logged: 6+3 | Valid: true
info: Sep-10-2024 12:15:25: 	Successfully retrieved logs
info: Sep-10-2024 12:15:26: 	Successfully retrieved logs
info: Sep-10-2024 12:17:09: 	Server started on port 8080
info: Sep-10-2024 12:17:12: 	Server started on port 8080
info: Sep-10-2024 12:17:12: 	Connected to MongoDB
info: Sep-10-2024 12:28:48: 	Successfully retrieved logs
info: Sep-10-2024 12:38:03: 	Successfully retrieved logs
info: Sep-10-2024 13:13:36: 	Server started on port 8080
info: Sep-10-2024 13:13:42: 	Connected to MongoDB
info: Sep-10-2024 13:14:14: 	Successfully retrieved logs
info: Sep-10-2024 13:14:16: 	Successfully retrieved logs
info: Sep-10-2024 13:14:33: 	Successfully retrieved logs
info: Sep-10-2024 13:14:38: 	Successfully retrieved logs
info: Sep-10-2024 13:14:43: 	Successfully retrieved logs
info: Sep-10-2024 13:15:43: 	Expression logged: 5+3 | Valid: true
info: Sep-10-2024 13:15:43: 	Successfully retrieved logs
info: Sep-10-2024 13:15:48: 	Deleted logs with IDs: 2
info: Sep-10-2024 13:15:49: 	Successfully retrieved logs
info: Sep-10-2024 13:20:02: 	Successfully retrieved logs
info: Sep-10-2024 13:20:32: 	Successfully retrieved logs
info: Sep-10-2024 13:20:32: 	Successfully retrieved logs
info: Sep-10-2024 13:20:33: 	Successfully retrieved logs
info: Sep-10-2024 13:20:33: 	Successfully retrieved logs
info: Sep-10-2024 13:23:18: 	Successfully retrieved logs
info: Sep-10-2024 13:23:27: 	Successfully retrieved logs
info: Sep-10-2024 13:23:28: 	Successfully retrieved logs
info: Sep-10-2024 13:23:34: 	Successfully retrieved logs
info: Sep-10-2024 13:23:38: 	Successfully retrieved logs
info: Sep-10-2024 13:23:41: 	Successfully retrieved logs
info: Sep-10-2024 13:23:44: 	Successfully retrieved logs
info: Sep-10-2024 13:29:03: 	Successfully retrieved logs
info: Sep-10-2024 13:29:04: 	Successfully retrieved logs
info: Sep-10-2024 13:29:04: 	Successfully retrieved logs
info: Sep-10-2024 13:29:05: 	Successfully retrieved logs
info: Sep-10-2024 13:29:05: 	Successfully retrieved logs
info: Sep-10-2024 13:29:05: 	Successfully retrieved logs
info: Sep-10-2024 13:29:06: 	Successfully retrieved logs
info: Sep-10-2024 13:29:06: 	Successfully retrieved logs
info: Sep-10-2024 13:29:06: 	Successfully retrieved logs
info: Sep-10-2024 13:29:06: 	Successfully retrieved logs
info: Sep-10-2024 13:29:06: 	Successfully retrieved logs
info: Sep-10-2024 13:29:07: 	Successfully retrieved logs
info: Sep-10-2024 13:29:07: 	Successfully retrieved logs
info: Sep-10-2024 13:29:08: 	Successfully retrieved logs
info: Sep-10-2024 13:29:08: 	Successfully retrieved logs
info: Sep-10-2024 13:29:08: 	Successfully retrieved logs
info: Sep-10-2024 13:29:09: 	Successfully retrieved logs
info: Sep-10-2024 13:29:09: 	Successfully retrieved logs
info: Sep-10-2024 13:29:09: 	Successfully retrieved logs
info: Sep-10-2024 13:29:10: 	Successfully retrieved logs
info: Sep-10-2024 13:29:10: 	Successfully retrieved logs
info: Sep-10-2024 13:29:10: 	Successfully retrieved logs
info: Sep-10-2024 13:29:11: 	Successfully retrieved logs
info: Sep-10-2024 13:29:11: 	Successfully retrieved logs
info: Sep-10-2024 13:29:11: 	Successfully retrieved logs
info: Sep-10-2024 13:29:12: 	Successfully retrieved logs
info: Sep-10-2024 13:29:12: 	Successfully retrieved logs
info: Sep-10-2024 13:30:47: 	Successfully retrieved logs
info: Sep-10-2024 13:32:58: 	Expression logged: 2 + 2 | Valid: true
info: Sep-10-2024 14:01:35: 	Successfully retrieved logs
info: Sep-10-2024 14:01:39: 	Successfully retrieved logs
info: Sep-10-2024 14:01:39: 	Successfully retrieved logs
info: Sep-10-2024 14:01:40: 	Successfully retrieved logs
info: Sep-10-2024 14:01:40: 	Successfully retrieved logs
info: Sep-10-2024 14:01:40: 	Successfully retrieved logs
info: Sep-10-2024 14:01:41: 	Successfully retrieved logs
info: Sep-10-2024 14:01:41: 	Successfully retrieved logs
info: Sep-10-2024 14:01:41: 	Successfully retrieved logs
info: Sep-10-2024 14:01:41: 	Successfully retrieved logs
info: Sep-10-2024 14:36:24: 	Server started on port 8080
info: Sep-10-2024 14:36:30: 	Connected to MongoDB
info: Sep-10-2024 14:36:40: 	Successfully retrieved logs
info: Sep-10-2024 14:36:42: 	Successfully retrieved logs
info: Sep-10-2024 14:36:43: 	Successfully retrieved logs
info: Sep-10-2024 14:36:43: 	Successfully retrieved logs
info: Sep-10-2024 14:36:44: 	Successfully retrieved logs
info: Sep-10-2024 14:36:44: 	Successfully retrieved logs
info: Sep-10-2024 14:36:44: 	Successfully retrieved logs
info: Sep-10-2024 14:36:45: 	Successfully retrieved logs
info: Sep-10-2024 14:36:45: 	Successfully retrieved logs
info: Sep-10-2024 14:38:13: 	Successfully retrieved logs
info: Sep-10-2024 14:38:16: 	Successfully retrieved logs
info: Sep-10-2024 14:38:17: 	Successfully retrieved logs
info: Sep-10-2024 14:38:17: 	Successfully retrieved logs
info: Sep-10-2024 14:38:17: 	Successfully retrieved logs
info: Sep-10-2024 14:38:18: 	Successfully retrieved logs
info: Sep-10-2024 14:38:18: 	Successfully retrieved logs
info: Sep-10-2024 14:38:19: 	Successfully retrieved logs
info: Sep-10-2024 14:38:19: 	Successfully retrieved logs
info: Sep-10-2024 14:38:28: 	Successfully retrieved logs
info: Sep-10-2024 14:38:29: 	Successfully retrieved logs
info: Sep-10-2024 14:38:29: 	Successfully retrieved logs
info: Sep-10-2024 14:38:30: 	Successfully retrieved logs
info: Sep-10-2024 14:38:30: 	Successfully retrieved logs
info: Sep-10-2024 14:38:31: 	Successfully retrieved logs
info: Sep-10-2024 14:38:32: 	Successfully retrieved logs
info: Sep-10-2024 14:38:32: 	Successfully retrieved logs
info: Sep-10-2024 14:38:33: 	Successfully retrieved logs
info: Sep-10-2024 14:38:34: 	Successfully retrieved logs
info: Sep-10-2024 14:38:36: 	Successfully retrieved logs
info: Sep-10-2024 14:38:38: 	Successfully retrieved logs
info: Sep-10-2024 14:38:41: 	Successfully retrieved logs
info: Sep-10-2024 14:38:42: 	Successfully retrieved logs
info: Sep-10-2024 14:38:43: 	Successfully retrieved logs
info: Sep-10-2024 14:38:44: 	Successfully retrieved logs
info: Sep-10-2024 14:38:56: 	Successfully retrieved logs
info: Sep-10-2024 14:38:58: 	Successfully retrieved logs
info: Sep-10-2024 14:39:00: 	Successfully retrieved logs
info: Sep-10-2024 14:39:01: 	Successfully retrieved logs
info: Sep-10-2024 14:39:04: 	Successfully retrieved logs
info: Sep-10-2024 14:39:30: 	Successfully retrieved logs
info: Sep-10-2024 14:39:31: 	Successfully retrieved logs
info: Sep-10-2024 14:39:33: 	Successfully retrieved logs
info: Sep-10-2024 14:39:35: 	Successfully retrieved logs
info: Sep-10-2024 14:39:37: 	Successfully retrieved logs
info: Sep-10-2024 14:39:41: 	Successfully retrieved logs
info: Sep-10-2024 14:39:42: 	Successfully retrieved logs
info: Sep-10-2024 14:39:44: 	Successfully retrieved logs
info: Sep-10-2024 14:39:47: 	Successfully retrieved logs
info: Sep-10-2024 14:39:50: 	Successfully retrieved logs
info: Sep-10-2024 14:39:52: 	Successfully retrieved logs
info: Sep-10-2024 14:39:53: 	Successfully retrieved logs
info: Sep-10-2024 14:39:54: 	Successfully retrieved logs
info: Sep-10-2024 14:39:55: 	Successfully retrieved logs
info: Sep-10-2024 14:39:55: 	Successfully retrieved logs
info: Sep-10-2024 14:39:56: 	Successfully retrieved logs
info: Sep-10-2024 14:39:56: 	Successfully retrieved logs
info: Sep-10-2024 14:39:57: 	Successfully retrieved logs
info: Sep-10-2024 14:39:57: 	Successfully retrieved logs
info: Sep-10-2024 14:39:57: 	Successfully retrieved logs
info: Sep-10-2024 14:39:57: 	Successfully retrieved logs
info: Sep-10-2024 14:39:57: 	Successfully retrieved logs
info: Sep-10-2024 14:39:58: 	Successfully retrieved logs
info: Sep-10-2024 14:39:58: 	Successfully retrieved logs
info: Sep-10-2024 14:39:58: 	Successfully retrieved logs
info: Sep-10-2024 14:39:58: 	Successfully retrieved logs
info: Sep-10-2024 14:39:58: 	Successfully retrieved logs
info: Sep-10-2024 14:39:58: 	Successfully retrieved logs
info: Sep-10-2024 14:39:59: 	Successfully retrieved logs
info: Sep-10-2024 14:39:59: 	Successfully retrieved logs
info: Sep-10-2024 14:39:59: 	Successfully retrieved logs
info: Sep-10-2024 14:40:09: 	Successfully retrieved logs
info: Sep-10-2024 14:40:10: 	Successfully retrieved logs
info: Sep-10-2024 14:40:12: 	Successfully retrieved logs
info: Sep-10-2024 14:40:15: 	Successfully retrieved logs
info: Sep-10-2024 14:42:14: 	Server started on port 8080
info: Sep-10-2024 14:42:20: 	Connected to MongoDB
info: Sep-10-2024 14:42:38: 	Successfully retrieved logs
info: Sep-10-2024 14:42:40: 	Successfully retrieved logs
info: Sep-10-2024 14:42:41: 	Successfully retrieved logs
info: Sep-10-2024 14:42:45: 	Successfully retrieved logs
info: Sep-10-2024 14:42:46: 	Successfully retrieved logs
info: Sep-10-2024 14:42:48: 	Successfully retrieved logs
info: Sep-10-2024 14:42:49: 	Successfully retrieved logs
info: Sep-10-2024 14:42:51: 	Successfully retrieved logs
info: Sep-10-2024 14:42:53: 	Successfully retrieved logs
info: Sep-10-2024 14:42:56: 	Successfully retrieved logs
info: Sep-10-2024 14:42:58: 	Successfully retrieved logs
info: Sep-10-2024 14:43:00: 	Successfully retrieved logs
info: Sep-10-2024 14:43:02: 	Successfully retrieved logs
info: Sep-10-2024 14:43:05: 	Successfully retrieved logs
info: Sep-10-2024 14:43:07: 	Successfully retrieved logs
info: Sep-10-2024 14:45:00: 	Successfully retrieved logs
info: Sep-10-2024 14:45:11: 	Successfully retrieved logs
info: Sep-10-2024 14:45:14: 	Successfully retrieved logs
info: Sep-10-2024 14:45:16: 	Successfully retrieved logs
info: Sep-10-2024 18:28:37: 	Server started on port 8080
info: Sep-10-2024 18:28:37: 	Connected to MongoDB
info: Sep-10-2024 18:28:57: 	Server started on port 8080
info: Sep-10-2024 18:28:57: 	Connected to MongoDB
info: Sep-10-2024 18:29:19: 	Server started on port 8080
info: Sep-10-2024 18:29:20: 	Connected to MongoDB
info: Sep-10-2024 18:31:18: 	Successfully retrieved logs
info: Sep-10-2024 18:31:22: 	Expression logged: 6-6 | Valid: true
info: Sep-10-2024 18:31:22: 	Successfully retrieved logs
info: Sep-10-2024 18:31:29: 	Expression logged: 03+3 | Valid: true
info: Sep-10-2024 18:31:29: 	Successfully retrieved logs
info: Sep-10-2024 18:31:32: 	Successfully retrieved logs
info: Sep-10-2024 18:31:38: 	Expression logged: 9-2 | Valid: true
info: Sep-10-2024 18:31:38: 	Successfully retrieved logs
info: Sep-10-2024 18:31:42: 	Successfully retrieved logs
info: Sep-10-2024 18:32:07: 	Successfully retrieved logs
error: Sep-10-2024 18:32:14: 	Database operation error: E11000 duplicate key error collection: logs.calculatorlogs index: _id_ dup key: { _id: 1 }
error: Sep-10-2024 18:32:14: 	Database operation error: E11000 duplicate key error collection: logs.calculatorlogs index: _id_ dup key: { _id: 2 }
info: Sep-10-2024 18:32:15: 	Successfully retrieved logs
error: Sep-10-2024 18:32:21: 	Database operation error: E11000 duplicate key error collection: logs.calculatorlogs index: _id_ dup key: { _id: 3 }
info: Sep-10-2024 18:32:21: 	Expression logged: 7-5 | Valid: true
info: Sep-10-2024 18:32:21: 	Successfully retrieved logs
info: Sep-10-2024 18:32:28: 	Successfully retrieved logs
info: Sep-10-2024 18:32:31: 	Expression logged: 5-5 | Valid: true
info: Sep-10-2024 18:32:31: 	Successfully retrieved logs
info: Sep-10-2024 18:32:34: 	Successfully retrieved logs
info: Sep-10-2024 18:33:53: 	Server started on port 8080
info: Sep-10-2024 18:33:53: 	Connected to MongoDB
info: Sep-10-2024 18:34:10: 	Server started on port 8080
info: Sep-10-2024 18:34:11: 	Connected to MongoDB
info: Sep-10-2024 18:34:40: 	Server started on port 8080
info: Sep-10-2024 18:34:40: 	Connected to MongoDB
info: Sep-10-2024 18:35:49: 	Server started on port 8080
info: Sep-10-2024 18:35:54: 	Connected to MongoDB
info: Sep-10-2024 18:36:03: 	Server started on port 8080
info: Sep-10-2024 18:36:03: 	Connected to MongoDB
info: Sep-10-2024 18:39:37: 	Server started on port 8080
info: Sep-10-2024 18:39:37: 	Connected to MongoDB
info: Sep-10-2024 18:40:24: 	Server started on port 8080
info: Sep-10-2024 18:40:25: 	Connected to MongoDB
info: Sep-10-2024 18:40:44: 	Server started on port 8080
info: Sep-10-2024 18:40:44: 	Connected to MongoDB
info: Sep-10-2024 18:41:03: 	Server started on port 8080
info: Sep-10-2024 18:41:03: 	Connected to MongoDB
info: Sep-10-2024 18:41:12: 	Server started on port 8080
info: Sep-10-2024 18:41:12: 	Connected to MongoDB
info: Sep-10-2024 18:41:16: 	Server started on port 8080
info: Sep-10-2024 18:41:16: 	Connected to MongoDB
info: Sep-10-2024 18:41:20: 	Server started on port 8080
info: Sep-10-2024 18:41:23: 	Server started on port 8080
info: Sep-10-2024 18:41:23: 	Connected to MongoDB
info: Sep-10-2024 18:41:46: 	Successfully retrieved logs
info: Sep-10-2024 18:41:49: 	Expression logged: 8-6 | Valid: true
info: Sep-10-2024 18:41:49: 	Successfully retrieved logs
info: Sep-10-2024 18:41:54: 	Expression logged: 2+2 | Valid: true
info: Sep-10-2024 18:41:54: 	Successfully retrieved logs
info: Sep-10-2024 18:42:17: 	Successfully retrieved logs
error: Sep-10-2024 18:42:21: 	Database operation error: E11000 duplicate key error collection: logs.calculatorlogs index: _id_ dup key: { _id: 1 }
error: Sep-10-2024 18:42:22: 	Database operation error: E11000 duplicate key error collection: logs.calculatorlogs index: _id_ dup key: { _id: 2 }
info: Sep-10-2024 18:42:28: 	Successfully retrieved logs
info: Sep-10-2024 18:42:32: 	Expression logged: 53+3 | Valid: true
info: Sep-10-2024 18:42:32: 	Successfully retrieved logs
info: Sep-10-2024 18:42:34: 	Successfully retrieved logs
warn: Sep-10-2024 18:42:42: 	Invalid expression attempted: 7*
info: Sep-10-2024 18:42:42: 	Expression logged: 7* | Valid: false
info: Sep-10-2024 18:42:42: 	Successfully retrieved logs
info: Sep-10-2024 18:42:43: 	Successfully retrieved logs
info: Sep-10-2024 18:42:46: 	Deleted logs with IDs: 4, 3
info: Sep-10-2024 18:42:47: 	Successfully retrieved logs
info: Sep-10-2024 18:42:48: 	Successfully retrieved logs
info: Sep-10-2024 18:44:17: 	Successfully retrieved logs
info: Sep-10-2024 18:44:25: 	Server started on port 8080
info: Sep-10-2024 18:44:25: 	Connected to MongoDB
info: Sep-10-2024 18:44:28: 	Server started on port 8080
info: Sep-10-2024 18:44:29: 	Connected to MongoDB
info: Sep-10-2024 18:44:32: 	Server started on port 8080
info: Sep-10-2024 18:44:33: 	Connected to MongoDB
info: Sep-10-2024 18:44:34: 	Successfully retrieved logs
info: Sep-10-2024 18:44:44: 	Expression logged: 6+3 | Valid: true
info: Sep-10-2024 18:44:44: 	Successfully retrieved logs
info: Sep-10-2024 18:46:02: 	Successfully retrieved logs
info: Sep-10-2024 18:46:03: 	Successfully retrieved logs
info: Sep-10-2024 18:46:06: 	Successfully retrieved logs
info: Sep-10-2024 18:46:06: 	Successfully retrieved logs
info: Sep-10-2024 18:46:09: 	Expression logged: 9 | Valid: true
info: Sep-10-2024 18:46:09: 	Successfully retrieved logs
info: Sep-10-2024 18:46:10: 	Expression logged: 9 | Valid: true
info: Sep-10-2024 18:46:10: 	Successfully retrieved logs
info: Sep-10-2024 18:46:11: 	Expression logged: 9 | Valid: true
info: Sep-10-2024 18:46:11: 	Successfully retrieved logs
info: Sep-10-2024 18:46:11: 	Expression logged: 9 | Valid: true
info: Sep-10-2024 18:46:11: 	Successfully retrieved logs
info: Sep-10-2024 18:52:06: 	Server started on port 8080
info: Sep-10-2024 18:52:12: 	Connected to MongoDB
info: Sep-10-2024 18:52:41: 	Successfully retrieved logs
info: Sep-10-2024 18:54:31: 	Server started on port 8080
info: Sep-10-2024 18:54:32: 	Connected to MongoDB
info: Sep-10-2024 18:54:32: 	Successfully retrieved logs
error: Sep-10-2024 18:54:37: 	Database operation error: CalculatorLog validation failed: _id: Cast to ObjectId failed for value "6" (type number) at path "_id" because of "BSONError"
error: Sep-10-2024 18:54:37: 	Database operation error: CalculatorLog validation failed: _id: Cast to ObjectId failed for value "7" (type number) at path "_id" because of "BSONError"
error: Sep-10-2024 18:54:44: 	Database operation error: CalculatorLog validation failed: _id: Cast to ObjectId failed for value "8" (type number) at path "_id" because of "BSONError"
error: Sep-10-2024 18:54:44: 	Database operation error: CalculatorLog validation failed: _id: Cast to ObjectId failed for value "9" (type number) at path "_id" because of "BSONError"
info: Sep-10-2024 18:54:45: 	Successfully retrieved logs
info: Sep-10-2024 18:54:55: 	Server started on port 8080
info: Sep-10-2024 18:54:56: 	Connected to MongoDB
info: Sep-10-2024 18:55:05: 	Server started on port 8080
info: Sep-10-2024 18:55:06: 	Connected to MongoDB
info: Sep-10-2024 18:55:06: 	Successfully retrieved logs
info: Sep-10-2024 18:55:09: 	Deleted logs with IDs: , , , , 
info: Sep-10-2024 18:55:09: 	Successfully retrieved logs
info: Sep-10-2024 18:55:12: 	Successfully retrieved logs
error: Sep-10-2024 18:55:22: 	Database operation error: CalculatorLog validation failed: _id: Cast to ObjectId failed for value "10" (type number) at path "_id" because of "BSONError"
error: Sep-10-2024 18:55:22: 	Database operation error: CalculatorLog validation failed: _id: Cast to ObjectId failed for value "11" (type number) at path "_id" because of "BSONError"
info: Sep-10-2024 18:55:24: 	Successfully retrieved logs
info: Sep-10-2024 18:55:29: 	Server started on port 8080
info: Sep-10-2024 18:55:29: 	Connected to MongoDB
info: Sep-10-2024 18:55:29: 	Successfully retrieved logs
info: Sep-10-2024 18:55:35: 	Expression logged: 2+3 | Valid: true
info: Sep-10-2024 18:55:35: 	Successfully retrieved logs
info: Sep-10-2024 18:55:38: 	Successfully retrieved logs
info: Sep-10-2024 18:56:01: 	Successfully retrieved logs
info: Sep-10-2024 18:56:03: 	Successfully retrieved logs
info: Sep-10-2024 18:56:23: 	Successfully retrieved logs
info: Sep-10-2024 18:56:25: 	Successfully retrieved logs
info: Sep-10-2024 18:56:26: 	Successfully retrieved logs
info: Sep-10-2024 18:56:27: 	Successfully retrieved logs
info: Sep-10-2024 18:56:27: 	Successfully retrieved logs
info: Sep-10-2024 18:56:28: 	Successfully retrieved logs
info: Sep-10-2024 18:56:28: 	Successfully retrieved logs
info: Sep-10-2024 18:56:29: 	Successfully retrieved logs
info: Sep-10-2024 18:56:31: 	Successfully retrieved logs
info: Sep-10-2024 18:56:41: 	Successfully retrieved logs
info: Sep-10-2024 18:56:42: 	Successfully retrieved logs
info: Sep-10-2024 18:56:55: 	Successfully retrieved logs
info: Sep-10-2024 18:56:57: 	Successfully retrieved logs
info: Sep-10-2024 18:59:06: 	Successfully retrieved logs
info: Sep-10-2024 18:59:07: 	Successfully retrieved logs
info: Sep-10-2024 18:59:08: 	Successfully retrieved logs
info: Sep-10-2024 18:59:08: 	Successfully retrieved logs
info: Sep-10-2024 18:59:09: 	Successfully retrieved logs
info: Sep-10-2024 18:59:09: 	Successfully retrieved logs
info: Sep-10-2024 18:59:10: 	Successfully retrieved logs
info: Sep-10-2024 18:59:10: 	Successfully retrieved logs
info: Sep-10-2024 18:59:10: 	Successfully retrieved logs
info: Sep-10-2024 18:59:10: 	Successfully retrieved logs
info: Sep-10-2024 18:59:10: 	Successfully retrieved logs
info: Sep-10-2024 18:59:11: 	Successfully retrieved logs
info: Sep-10-2024 18:59:11: 	Successfully retrieved logs
info: Sep-10-2024 18:59:12: 	Successfully retrieved logs
info: Sep-10-2024 18:59:12: 	Successfully retrieved logs
info: Sep-10-2024 18:59:30: 	Successfully retrieved logs
info: Sep-10-2024 18:59:37: 	Expression logged: 6+2 | Valid: true
info: Sep-10-2024 18:59:37: 	Successfully retrieved logs
info: Sep-10-2024 18:59:42: 	Successfully retrieved logs
info: Sep-10-2024 18:59:47: 	Expression logged: 85+2 | Valid: true
info: Sep-10-2024 18:59:47: 	Successfully retrieved logs
info: Sep-10-2024 18:59:48: 	Successfully retrieved logs
info: Sep-10-2024 18:59:49: 	Successfully retrieved logs
info: Sep-10-2024 18:59:50: 	Successfully retrieved logs
info: Sep-10-2024 18:59:50: 	Successfully retrieved logs
info: Sep-10-2024 18:59:52: 	Successfully retrieved logs
info: Sep-10-2024 18:59:59: 	Deleted logs with IDs: 14, 13, 12, 5, 4, 3, 2, 1
info: Sep-10-2024 18:59:59: 	Successfully retrieved logs
info: Sep-10-2024 19:01:47: 	Successfully retrieved logs
info: Sep-10-2024 19:02:03: 	Successfully retrieved logs
info: Sep-10-2024 19:12:35: 	Server started on port 8080
info: Sep-10-2024 19:12:36: 	Connected to MongoDB
info: Sep-10-2024 19:13:10: 	Successfully retrieved logs
info: Sep-10-2024 19:16:43: 	Successfully retrieved logs
info: Sep-10-2024 19:17:01: 	Successfully retrieved logs
info: Sep-10-2024 19:17:20: 	Successfully retrieved logs
info: Sep-10-2024 19:18:03: 	Successfully retrieved logs
